#
# A fatal error has been detected by the Java Runtime Environment:
#
#  Internal Error (synchronizer.cpp:1399), pid=18363, tid=1091664192
#  guarantee(obj->mark() == markOopDesc::encode(mid)) failed: invariant
#
# JRE version: 6.0_29-b11
# Java VM: Java HotSpot(TM) 64-Bit Server VM (20.4-b02 mixed mode linux-amd64 compressed oops)
# If you would like to submit a bug report, please visit:
#   http://java.sun.com/webapps/bugreport/crash.jsp
#

---------------  T H R E A D  ---------------

Current thread (0x0000000040ff2800):  VMThread [stack: 0x0000000041017000,0x0000000041118000] [id=18365]

Stack: [0x0000000041017000,0x0000000041118000],  sp=0x0000000041116b80,  free space=1022k
Native frames: (J=compiled Java code, j=interpreted, Vv=VM code, C=native code)
V  [libjvm.so+0x85eb55]  VMError::report_and_die()+0x265
V  [libjvm.so+0x3e4066]  report_vm_error(char const*, int, char const*, char const*)+0x56
V  [libjvm.so+0x7e77d9]  ObjectSynchronizer::deflate_monitor(ObjectMonitor*, oopDesc*, ObjectMonitor**, ObjectMonitor**)+0x49
V  [libjvm.so+0x7e7cca]  ObjectSynchronizer::deflate_idle_monitors()+0x25a
V  [libjvm.so+0x783907]  SafepointSynchronize::do_cleanup_tasks()+0x37
V  [libjvm.so+0x7834a5]  SafepointSynchronize::begin()+0x385
V  [libjvm.so+0x86cfc7]  VMThread::loop()+0x187
V  [libjvm.so+0x86cade]  VMThread::run()+0x6e
V  [libjvm.so+0x710b8f]  java_start(Thread*)+0x13f

VM_Operation (0x000000004192b8e0): Exit, mode: safepoint, requested by thread 0x0000000040f9d800


---------------  P R O C E S S  ---------------

Java Threads: ( => current thread )
  0x00007feec6aae800 JavaThread "Low Memory Detector" daemon [_thread_blocked, id=18371, stack(0x0000000041e2f000,0x0000000042230000)]
  0x00007feec6aab000 JavaThread "C2 CompilerThread1" daemon [_thread_blocked, id=18370, stack(0x00000000401b5000,0x00000000402b6000)]
  0x00007feec6aa8000 JavaThread "C2 CompilerThread0" daemon [_thread_in_native, id=18369, stack(0x0000000041d2e000,0x0000000041e2f000)]
  0x00007feec6aa6000 JavaThread "Signal Dispatcher" daemon [_thread_blocked, id=18368, stack(0x00000000406ec000,0x0000000040aed000)]
  0x00007feec6a83800 JavaThread "Finalizer" daemon [_thread_blocked, id=18367, stack(0x000000004192d000,0x0000000041d2e000)]
  0x0000000040ff7800 JavaThread "Reference Handler" daemon [_thread_blocked, id=18366, stack(0x00000000402eb000,0x00000000406ec000)]
  0x0000000040f9d800 JavaThread "main" [_thread_blocked, id=18364, stack(0x000000004152c000,0x000000004192d000)]

Other Threads:
=>0x0000000040ff2800 VMThread [stack: 0x0000000041017000,0x0000000041118000] [id=18365]

VM state:at safepoint (normal execution)

VM Mutex/Monitor currently owned by a thread:  ([mutex/lock_event])
[0x0000000040f9b2e0] Safepoint_lock - owner thread: 0x0000000040ff2800
[0x0000000040f9b360] Threads_lock - owner thread: 0x0000000040ff2800

Heap
 def new generation   total 2432K, used 1262K [0x00000000eae00000, 0x00000000eb0a0000, 0x00000000f0350000)
  eden space 2176K,  46% used [0x00000000eae00000, 0x00000000eaefbb28, 0x00000000eb020000)
  from space 256K,  99% used [0x00000000eb060000, 0x00000000eb09fff8, 0x00000000eb0a0000)
  to   space 256K,   0% used [0x00000000eb020000, 0x00000000eb020000, 0x00000000eb060000)
 tenured generation   total 5504K, used 5070K [0x00000000f0350000, 0x00000000f08b0000, 0x00000000fae00000)
   the space 5504K,  92% used [0x00000000f0350000, 0x00000000f08438e0, 0x00000000f0843a00, 0x00000000f08b0000)
 compacting perm gen  total 21248K, used 7484K [0x00000000fae00000, 0x00000000fc2c0000, 0x0000000100000000)
   the space 21248K,  35% used [0x00000000fae00000, 0x00000000fb54f280, 0x00000000fb54f400, 0x00000000fc2c0000)
No shared spaces configured.

Code Cache  [0x00007feec6e9f000, 0x00007feec710f000, 0x00007feec9e9f000)
 total_blobs=319 nmethods=101 adapters=172 free_code_cache=49759296 largest_free_block=6208

Dynamic libraries:
40000000-4000a000 r-xp 00000000 00:71 204112007                          /usr/java/jdk1.6.0_29/bin/javac
40109000-4010b000 rwxp 00009000 00:71 204112007                          /usr/java/jdk1.6.0_29/bin/javac
401b5000-401b8000 ---p 00000000 00:00 0 
401b8000-402b6000 rwxp 00000000 00:00 0 
402eb000-402ee000 ---p 00000000 00:00 0 
402ee000-406ec000 rwxp 00000000 00:00 0 
406ec000-406ef000 ---p 00000000 00:00 0 
406ef000-40aed000 rwxp 00000000 00:00 0 
40aed000-40aee000 ---p 00000000 00:00 0 
40aee000-40bee000 rwxp 00000000 00:00 0 
40f96000-40ff9000 rwxp 00000000 00:00 0                                  [heap]
41017000-41018000 ---p 00000000 00:00 0 
41018000-41118000 rwxp 00000000 00:00 0 
4152c000-4152f000 ---p 00000000 00:00 0 
4152f000-4192d000 rwxp 00000000 00:00 0 
4192d000-41930000 ---p 00000000 00:00 0 
41930000-41d2e000 rwxp 00000000 00:00 0 
41d2e000-41d31000 ---p 00000000 00:00 0 
41d31000-41e2f000 rwxp 00000000 00:00 0 
41e2f000-41e32000 ---p 00000000 00:00 0 
41e32000-42230000 rwxp 00000000 00:00 0 
eae00000-eb0a0000 rwxp 00000000 00:00 0 
eb0a0000-f0350000 rwxp 00000000 00:00 0 
f0350000-f08b0000 rwxp 00000000 00:00 0 
f08b0000-fae00000 rwxp 00000000 00:00 0 
fae00000-fc2c0000 rwxp 00000000 00:00 0 
fc2c0000-100000000 rwxp 00000000 00:00 0 
7feec0000000-7feec0b9f000 rwxp 00000000 00:00 0 
7feec0b9f000-7feec4000000 ---p 00000000 00:00 0 
7feec59ad000-7feec5bf7000 rwxp 00000000 00:00 0 
7feec5bf8000-7feec69df000 rwxp 00000000 00:00 0 
7feec69df000-7feec6a3f000 r-xs 00bab000 00:71 199236034                  /usr/java/jdk1.6.0_29/lib/tools.jar
7feec6a3f000-7feec6a46000 r-xs 00000000 00:71 198224944                  /usr/lib64/gconv/gconv-modules.cache
7feec6a46000-7feec6a81000 r-xp 00000000 00:71 198223250                  /usr/lib/locale/en_US.utf8/LC_CTYPE
7feec6a81000-7feec6bb5000 rwxp 00000000 00:00 0 
7feec6bb5000-7feec6d4d000 r-xs 0302d000 00:71 204115585                  /usr/java/jdk1.6.0_29/jre/lib/rt.jar
7feec6d4d000-7feec6d80000 rwxp 00000000 00:00 0 
7feec6d80000-7feec6d9f000 rwxp 00000000 00:00 0 
7feec6d9f000-7feec6da2000 rwxp 00000000 00:00 0 
7feec6da2000-7feec6df5000 rwxp 00000000 00:00 0 
7feec6df5000-7feec6df7000 rwxp 00000000 00:00 0 
7feec6df7000-7feec6e1f000 rwxp 00000000 00:00 0 
7feec6e1f000-7feec6e23000 rwxp 00000000 00:00 0 
7feec6e23000-7feec6e75000 rwxp 00000000 00:00 0 
7feec6e75000-7feec6e80000 rwxp 00000000 00:00 0 
7feec6e80000-7feec6e9e000 rwxp 00000000 00:00 0 
7feec6e9e000-7feec710f000 rwxp 00000000 00:00 0 
7feec710f000-7feec9e9f000 rwxp 00000000 00:00 0 
7feec9e9f000-7feec9ead000 r-xp 00000000 00:71 204112651                  /usr/java/jdk1.6.0_29/jre/lib/amd64/libzip.so
7feec9ead000-7feec9faf000 ---p 0000e000 00:71 204112651                  /usr/java/jdk1.6.0_29/jre/lib/amd64/libzip.so
7feec9faf000-7feec9fb2000 rwxp 00010000 00:71 204112651                  /usr/java/jdk1.6.0_29/jre/lib/amd64/libzip.so
7feec9fb2000-7feec9fb3000 rwxp 00000000 00:00 0 
7feec9fb3000-7feec9fbd000 r-xp 00000000 00:71 195598333                  /lib64/libnss_files-2.5.so
7feec9fbd000-7feeca1bc000 ---p 0000a000 00:71 195598333                  /lib64/libnss_files-2.5.so
7feeca1bc000-7feeca1bd000 r-xp 00009000 00:71 195598333                  /lib64/libnss_files-2.5.so
7feeca1bd000-7feeca1be000 rwxp 0000a000 00:71 195598333                  /lib64/libnss_files-2.5.so
7feeca1be000-7feeca1d3000 r-xp 00000000 00:71 195598293                  /lib64/libnsl-2.5.so
7feeca1d3000-7feeca3d2000 ---p 00015000 00:71 195598293                  /lib64/libnsl-2.5.so
7feeca3d2000-7feeca3d3000 r-xp 00014000 00:71 195598293                  /lib64/libnsl-2.5.so
7feeca3d3000-7feeca3d4000 rwxp 00015000 00:71 195598293                  /lib64/libnsl-2.5.so
7feeca3d4000-7feeca3d6000 rwxp 00000000 00:00 0 
7feeca3d6000-7feeca3ff000 r-xp 00000000 00:71 204112648                  /usr/java/jdk1.6.0_29/jre/lib/amd64/libjava.so
7feeca3ff000-7feeca4fe000 ---p 00029000 00:71 204112648                  /usr/java/jdk1.6.0_29/jre/lib/amd64/libjava.so
7feeca4fe000-7feeca505000 rwxp 00028000 00:71 204112648                  /usr/java/jdk1.6.0_29/jre/lib/amd64/libjava.so
7feeca505000-7feeca512000 r-xp 00000000 00:71 204112668                  /usr/java/jdk1.6.0_29/jre/lib/amd64/libverify.so
7feeca512000-7feeca611000 ---p 0000d000 00:71 204112668                  /usr/java/jdk1.6.0_29/jre/lib/amd64/libverify.so
7feeca611000-7feeca614000 rwxp 0000c000 00:71 204112668                  /usr/java/jdk1.6.0_29/jre/lib/amd64/libverify.so
7feeca614000-7feeca61b000 r-xp 00000000 00:71 195598306                  /lib64/librt-2.5.so
7feeca61b000-7feeca81b000 ---p 00007000 00:71 195598306                  /lib64/librt-2.5.so
7feeca81b000-7feeca81c000 r-xp 00007000 00:71 195598306                  /lib64/librt-2.5.so
7feeca81c000-7feeca81d000 rwxp 00008000 00:71 195598306                  /lib64/librt-2.5.so
7feeca81d000-7feeca89f000 r-xp 00000000 00:71 195598286                  /lib64/libm-2.5.so
7feeca89f000-7feecaa9e000 ---p 00082000 00:71 195598286                  /lib64/libm-2.5.so
7feecaa9e000-7feecaa9f000 r-xp 00081000 00:71 195598286                  /lib64/libm-2.5.so
7feecaa9f000-7feecaaa0000 rwxp 00082000 00:71 195598286                  /lib64/libm-2.5.so
7feecaaa0000-7feecb3ba000 r-xp 00000000 00:71 204112678                  /usr/java/jdk1.6.0_29/jre/lib/amd64/server/libjvm.so
7feecb3ba000-7feecb4bc000 ---p 0091a000 00:71 204112678                  /usr/java/jdk1.6.0_29/jre/lib/amd64/server/libjvm.so
7feecb4bc000-7feecb671000 rwxp 0091c000 00:71 204112678                  /usr/java/jdk1.6.0_29/jre/lib/amd64/server/libjvm.so
7feecb671000-7feecb6ab000 rwxp 00000000 00:00 0 
7feecb6ab000-7feecb7f9000 r-xp 00000000 00:71 195598364                  /lib64/libc-2.5.so
7feecb7f9000-7feecb9f9000 ---p 0014e000 00:71 195598364                  /lib64/libc-2.5.so
7feecb9f9000-7feecb9fd000 r-xp 0014e000 00:71 195598364                  /lib64/libc-2.5.so
7feecb9fd000-7feecb9fe000 rwxp 00152000 00:71 195598364                  /lib64/libc-2.5.so
7feecb9fe000-7feecba03000 rwxp 00000000 00:00 0 
7feecba03000-7feecba05000 r-xp 00000000 00:71 195598374                  /lib64/libdl-2.5.so
7feecba05000-7feecbc05000 ---p 00002000 00:71 195598374                  /lib64/libdl-2.5.so
7feecbc05000-7feecbc06000 r-xp 00002000 00:71 195598374                  /lib64/libdl-2.5.so
7feecbc06000-7feecbc07000 rwxp 00003000 00:71 195598374                  /lib64/libdl-2.5.so
7feecbc07000-7feecbc1d000 r-xp 00000000 00:71 195598320                  /lib64/libpthread-2.5.so
7feecbc1d000-7feecbe1c000 ---p 00016000 00:71 195598320                  /lib64/libpthread-2.5.so
7feecbe1c000-7feecbe1d000 r-xp 00015000 00:71 195598320                  /lib64/libpthread-2.5.so
7feecbe1d000-7feecbe1e000 rwxp 00016000 00:71 195598320                  /lib64/libpthread-2.5.so
7feecbe1e000-7feecbe22000 rwxp 00000000 00:00 0 
7feecbe22000-7feecbe3e000 r-xp 00000000 00:71 195596264                  /lib64/ld-2.5.so
7feecbe64000-7feecbe6e000 rwxp 00000000 00:00 0 
7feecbe6e000-7feecbf24000 rwxp 00000000 00:00 0 
7feecbf24000-7feecbf26000 rwxp 00000000 00:00 0 
7feecbf26000-7feecbf2d000 r-xp 00000000 00:71 204112687                  /usr/java/jdk1.6.0_29/jre/lib/amd64/jli/libjli.so
7feecbf2d000-7feecc02e000 ---p 00007000 00:71 204112687                  /usr/java/jdk1.6.0_29/jre/lib/amd64/jli/libjli.so
7feecc02e000-7feecc030000 rwxp 00008000 00:71 204112687                  /usr/java/jdk1.6.0_29/jre/lib/amd64/jli/libjli.so
7feecc030000-7feecc031000 rwxp 00000000 00:00 0 
7feecc032000-7feecc03a000 rwxs 00000000 00:71 205850238                  /tmp/hsperfdata_brox/18363
7feecc03a000-7feecc03b000 rwxp 00000000 00:00 0 
7feecc03b000-7feecc03c000 ---p 00000000 00:00 0 
7feecc03c000-7feecc03e000 rwxp 00000000 00:00 0 
7feecc03e000-7feecc03f000 r-xp 0001c000 00:71 195596264                  /lib64/ld-2.5.so
7feecc03f000-7feecc040000 rwxp 0001d000 00:71 195596264                  /lib64/ld-2.5.so
7fff14cc0000-7fff14cd5000 rwxp 00000000 00:00 0                          [stack]
7fff14dfe000-7fff14e00000 r-xp 00000000 00:00 0                          [vdso]
ffffffffff600000-ffffffffff601000 r-xp 00000000 00:00 0                  [vsyscall]

VM Arguments:
jvm_args: -Dapplication.home=/usr/java/jdk1.6.0_29 -Xms8m -Xss4m -ea:com.sun.tools... 
java_command: com.sun.tools.javac.Main -cp .:pircbot.jar MyBot.java
Launcher Type: SUN_STANDARD

Environment Variables:
PATH=/usr/local/bin:/bin:/usr/bin:/home/brox/bin
LD_LIBRARY_PATH=/usr/java/jdk1.6.0_29/jre/lib/amd64/server:/usr/java/jdk1.6.0_29/jre/lib/amd64:/usr/java/jdk1.6.0_29/jre/../lib/amd64
SHELL=/bin/bash

Signal Handlers:
SIGSEGV: [libjvm.so+0x85f780], sa_mask[0]=0x7ffbfeff, sa_flags=0x10000004
SIGBUS: [libjvm.so+0x85f780], sa_mask[0]=0x7ffbfeff, sa_flags=0x10000004
SIGFPE: [libjvm.so+0x70e3b0], sa_mask[0]=0x7ffbfeff, sa_flags=0x10000004
SIGPIPE: [libjvm.so+0x70e3b0], sa_mask[0]=0x7ffbfeff, sa_flags=0x10000004
SIGXFSZ: [libjvm.so+0x70e3b0], sa_mask[0]=0x7ffbfeff, sa_flags=0x10000004
SIGILL: [libjvm.so+0x70e3b0], sa_mask[0]=0x7ffbfeff, sa_flags=0x10000004
SIGUSR1: SIG_DFL, sa_mask[0]=0x00000000, sa_flags=0x00000000
SIGUSR2: [libjvm.so+0x7111c0], sa_mask[0]=0x00000000, sa_flags=0x10000004
SIGHUP: [libjvm.so+0x710dc0], sa_mask[0]=0x7ffbfeff, sa_flags=0x10000004
SIGINT: [libjvm.so+0x710dc0], sa_mask[0]=0x7ffbfeff, sa_flags=0x10000004
SIGTERM: [libjvm.so+0x710dc0], sa_mask[0]=0x7ffbfeff, sa_flags=0x10000004
SIGQUIT: [libjvm.so+0x710dc0], sa_mask[0]=0x7ffbfeff, sa_flags=0x10000004


---------------  S Y S T E M  ---------------

OS:CentOS release 5.7 (Final)

uname:Linux 2.6.32-042stab055.16 #1 SMP Fri Jun 8 19:22:28 MSD 2012 x86_64
libc:glibc 2.5 NPTL 2.5 
rlimit: STACK 10240k, CORE 0k, NPROC 255779, NOFILE 1024, AS infinity
load average:0.00 0.02 0.00

/proc/meminfo:
MemTotal:        1048576 kB
MemFree:          674644 kB
Cached:            37068 kB
Active:           309792 kB
Inactive:          47188 kB
Active(anon):     284736 kB
Inactive(anon):    35176 kB
Active(file):      25056 kB
Inactive(file):    12012 kB
Unevictable:           0 kB
Mlocked:               0 kB
SwapTotal:             0 kB
SwapFree:              0 kB
Dirty:               104 kB
Writeback:             0 kB
AnonPages:        319912 kB
Shmem:              6588 kB
Slab:              16896 kB
SReclaimable:       1196 kB
SUnreclaim:        15700 kB


CPU:total 1 (4 cores per cpu, 1 threads per core) family 6 model 26 stepping 5, cmov, cx8, fxsr, mmx, sse, sse2, sse3, ssse3, sse4.1, sse4.2, popcnt

/proc/cpuinfo:
processor	: 0
vendor_id	: GenuineIntel
cpu family	: 6
model		: 26
model name	: Intel(R) Xeon(R) CPU           E5504  @ 2.00GHz
stepping	: 5
cpu MHz		: 1999.662
cache size	: 4096 KB
physical id	: 0
siblings	: 4
core id		: 0
cpu cores	: 4
apicid		: 0
initial apicid	: 0
fpu		: yes
fpu_exception	: yes
cpuid level	: 11
wp		: yes
flags		: fpu vme de pse tsc msr pae mce cx8 apic mtrr pge mca cmov pat pse36 clflush dts acpi mmx fxsr sse sse2 ss ht tm pbe syscall nx rdtscp lm constant_tsc arch_perfmon pebs bts rep_good xtopology nonstop_tsc aperfmperf pni dtes64 monitor ds_cpl vmx est tm2 ssse3 cx16 xtpr pdcm dca sse4_1 sse4_2 popcnt lahf_lm dts tpr_shadow vnmi flexpriority ept vpid
bogomips	: 3999.32
clflush size	: 64
cache_alignment	: 64
address sizes	: 40 bits physical, 48 bits virtual
power management:



Memory: 4k page, physical 1048576k(674652k free), swap 0k(0k free)

vm_info: Java HotSpot(TM) 64-Bit Server VM (20.4-b02) for linux-amd64 JRE (1.6.0_29-b11), built on Oct  3 2011 01:19:20 by "java_re" with gcc 3.2.2 (SuSE Linux)

time: Sat Oct 13 23:11:15 2012
elapsed time: 1 seconds

