#
# A fatal error has been detected by the Java Runtime Environment:
#
#  Internal Error (synchronizer.cpp:1399), pid=13402, tid=1101646144
#  guarantee(obj->mark() == markOopDesc::encode(mid)) failed: invariant
#
# JRE version: 6.0_29-b11
# Java VM: Java HotSpot(TM) 64-Bit Server VM (20.4-b02 mixed mode linux-amd64 compressed oops)
# If you would like to submit a bug report, please visit:
#   http://java.sun.com/webapps/bugreport/crash.jsp
#

---------------  T H R E A D  ---------------

Current thread (0x000000004067b800):  VMThread [stack: 0x000000004199c000,0x0000000041a9d000] [id=13404]

Stack: [0x000000004199c000,0x0000000041a9d000],  sp=0x0000000041a9bc00,  free space=1023k
Native frames: (J=compiled Java code, j=interpreted, Vv=VM code, C=native code)
V  [libjvm.so+0x85eb55]  VMError::report_and_die()+0x265
V  [libjvm.so+0x3e4066]  report_vm_error(char const*, int, char const*, char const*)+0x56
V  [libjvm.so+0x7e77d9]  ObjectSynchronizer::deflate_monitor(ObjectMonitor*, oopDesc*, ObjectMonitor**, ObjectMonitor**)+0x49
V  [libjvm.so+0x7e7cca]  ObjectSynchronizer::deflate_idle_monitors()+0x25a
V  [libjvm.so+0x783907]  SafepointSynchronize::do_cleanup_tasks()+0x37
V  [libjvm.so+0x7834a5]  SafepointSynchronize::begin()+0x385
V  [libjvm.so+0x86cfc7]  VMThread::loop()+0x187
V  [libjvm.so+0x86cade]  VMThread::run()+0x6e
V  [libjvm.so+0x710b8f]  java_start(Thread*)+0x13f

VM_Operation (0x0000000041159ad0): Deoptimize, mode: safepoint, requested by thread 0x0000000040626800


---------------  P R O C E S S  ---------------

Java Threads: ( => current thread )
  0x00007ffc54001800 JavaThread "Low Memory Detector" daemon [_thread_blocked, id=13410, stack(0x0000000041e9e000,0x000000004229f000)]
  0x00007ffc5ba55000 JavaThread "C2 CompilerThread1" daemon [_thread_blocked, id=13409, stack(0x000000004165d000,0x000000004175e000)]
  0x00007ffc5ba53000 JavaThread "C2 CompilerThread0" daemon [_thread_in_native, id=13408, stack(0x0000000040aa4000,0x0000000040ba5000)]
  0x00007ffc5ba51800 JavaThread "Signal Dispatcher" daemon [_thread_blocked, id=13407, stack(0x0000000041a9d000,0x0000000041e9e000)]
  0x0000000040689800 JavaThread "Finalizer" daemon [_thread_blocked, id=13406, stack(0x000000004125c000,0x000000004165d000)]
  0x0000000040626800 JavaThread "main" [_thread_blocked, id=13403, stack(0x0000000040d5c000,0x000000004115d000)]

Other Threads:
=>0x000000004067b800 VMThread [stack: 0x000000004199c000,0x0000000041a9d000] [id=13404]
  0x00007ffc5400d000 WatcherThread [stack: 0x00000000417a8000,0x00000000418a9000] [id=13411]

VM state:at safepoint (normal execution)

VM Mutex/Monitor currently owned by a thread:  ([mutex/lock_event])
[0x00000000406242e0] Safepoint_lock - owner thread: 0x000000004067b800
[0x0000000040624360] Threads_lock - owner thread: 0x000000004067b800
[0x0000000040624d60] Compile_lock - owner thread: 0x0000000040626800

Heap
 def new generation   total 2432K, used 2376K [0x00000000eae00000, 0x00000000eb0a0000, 0x00000000f0350000)
  eden space 2176K,  97% used [0x00000000eae00000, 0x00000000eb012268, 0x00000000eb020000)
  from space 256K,  99% used [0x00000000eb060000, 0x00000000eb09fff8, 0x00000000eb0a0000)
  to   space 256K,   0% used [0x00000000eb020000, 0x00000000eb020000, 0x00000000eb060000)
 tenured generation   total 5504K, used 3842K [0x00000000f0350000, 0x00000000f08b0000, 0x00000000fae00000)
   the space 5504K,  69% used [0x00000000f0350000, 0x00000000f07108a0, 0x00000000f0710a00, 0x00000000f08b0000)
 compacting perm gen  total 21248K, used 6997K [0x00000000fae00000, 0x00000000fc2c0000, 0x0000000100000000)
   the space 21248K,  32% used [0x00000000fae00000, 0x00000000fb4d5790, 0x00000000fb4d5800, 0x00000000fc2c0000)
No shared spaces configured.

Code Cache  [0x00007ffc5bea6000, 0x00007ffc5c116000, 0x00007ffc5eea6000)
 total_blobs=278 nmethods=65 adapters=167 free_code_cache=49814592 largest_free_block=8448

Dynamic libraries:
40000000-4000a000 r-xp 00000000 00:71 204112007                          /usr/java/jdk1.6.0_29/bin/javac
40109000-4010b000 rwxp 00009000 00:71 204112007                          /usr/java/jdk1.6.0_29/bin/javac
4061f000-406a3000 rwxp 00000000 00:00 0                                  [heap]
406a3000-406a6000 ---p 00000000 00:00 0 
406a6000-40aa4000 rwxp 00000000 00:00 0 
40aa4000-40aa7000 ---p 00000000 00:00 0 
40aa7000-40ba5000 rwxp 00000000 00:00 0 
40d5c000-40d5f000 ---p 00000000 00:00 0 
40d5f000-4115d000 rwxp 00000000 00:00 0 
4125c000-4125f000 ---p 00000000 00:00 0 
4125f000-4165d000 rwxp 00000000 00:00 0 
4165d000-41660000 ---p 00000000 00:00 0 
41660000-4175e000 rwxp 00000000 00:00 0 
417a8000-417a9000 ---p 00000000 00:00 0 
417a9000-418a9000 rwxp 00000000 00:00 0 
4199c000-4199d000 ---p 00000000 00:00 0 
4199d000-41a9d000 rwxp 00000000 00:00 0 
41a9d000-41aa0000 ---p 00000000 00:00 0 
41aa0000-41e9e000 rwxp 00000000 00:00 0 
41e9e000-41ea1000 ---p 00000000 00:00 0 
41ea1000-4229f000 rwxp 00000000 00:00 0 
eae00000-eb0a0000 rwxp 00000000 00:00 0 
eb0a0000-f0350000 rwxp 00000000 00:00 0 
f0350000-f08b0000 rwxp 00000000 00:00 0 
f08b0000-fae00000 rwxp 00000000 00:00 0 
fae00000-fc2c0000 rwxp 00000000 00:00 0 
fc2c0000-100000000 rwxp 00000000 00:00 0 
7ffc54000000-7ffc5416e000 rwxp 00000000 00:00 0 
7ffc5416e000-7ffc58000000 ---p 00000000 00:00 0 
7ffc5a738000-7ffc5abcd000 rwxp 00000000 00:00 0 
7ffc5abce000-7ffc5b9ed000 rwxp 00000000 00:00 0 
7ffc5b9ed000-7ffc5ba4d000 r-xs 00bab000 00:71 199236034                  /usr/java/jdk1.6.0_29/lib/tools.jar
7ffc5ba4d000-7ffc5bb4d000 rwxp 00000000 00:00 0 
7ffc5bb4d000-7ffc5bb88000 r-xp 00000000 00:71 198223250                  /usr/lib/locale/en_US.utf8/LC_CTYPE
7ffc5bb88000-7ffc5bbbc000 rwxp 00000000 00:00 0 
7ffc5bbbc000-7ffc5bd54000 r-xs 0302d000 00:71 204115585                  /usr/java/jdk1.6.0_29/jre/lib/rt.jar
7ffc5bd54000-7ffc5bd87000 rwxp 00000000 00:00 0 
7ffc5bd87000-7ffc5bda6000 rwxp 00000000 00:00 0 
7ffc5bda6000-7ffc5bda9000 rwxp 00000000 00:00 0 
7ffc5bda9000-7ffc5bdfc000 rwxp 00000000 00:00 0 
7ffc5bdfc000-7ffc5bdfe000 rwxp 00000000 00:00 0 
7ffc5bdfe000-7ffc5be26000 rwxp 00000000 00:00 0 
7ffc5be26000-7ffc5be2a000 rwxp 00000000 00:00 0 
7ffc5be2a000-7ffc5be7c000 rwxp 00000000 00:00 0 
7ffc5be7c000-7ffc5be87000 rwxp 00000000 00:00 0 
7ffc5be87000-7ffc5bea5000 rwxp 00000000 00:00 0 
7ffc5bea5000-7ffc5c116000 rwxp 00000000 00:00 0 
7ffc5c116000-7ffc5eea6000 rwxp 00000000 00:00 0 
7ffc5eea6000-7ffc5eeb4000 r-xp 00000000 00:71 204112651                  /usr/java/jdk1.6.0_29/jre/lib/amd64/libzip.so
7ffc5eeb4000-7ffc5efb6000 ---p 0000e000 00:71 204112651                  /usr/java/jdk1.6.0_29/jre/lib/amd64/libzip.so
7ffc5efb6000-7ffc5efb9000 rwxp 00010000 00:71 204112651                  /usr/java/jdk1.6.0_29/jre/lib/amd64/libzip.so
7ffc5efb9000-7ffc5efba000 rwxp 00000000 00:00 0 
7ffc5efba000-7ffc5efc4000 r-xp 00000000 00:71 195598333                  /lib64/libnss_files-2.5.so
7ffc5efc4000-7ffc5f1c3000 ---p 0000a000 00:71 195598333                  /lib64/libnss_files-2.5.so
7ffc5f1c3000-7ffc5f1c4000 r-xp 00009000 00:71 195598333                  /lib64/libnss_files-2.5.so
7ffc5f1c4000-7ffc5f1c5000 rwxp 0000a000 00:71 195598333                  /lib64/libnss_files-2.5.so
7ffc5f1c5000-7ffc5f1da000 r-xp 00000000 00:71 195598293                  /lib64/libnsl-2.5.so
7ffc5f1da000-7ffc5f3d9000 ---p 00015000 00:71 195598293                  /lib64/libnsl-2.5.so
7ffc5f3d9000-7ffc5f3da000 r-xp 00014000 00:71 195598293                  /lib64/libnsl-2.5.so
7ffc5f3da000-7ffc5f3db000 rwxp 00015000 00:71 195598293                  /lib64/libnsl-2.5.so
7ffc5f3db000-7ffc5f3dd000 rwxp 00000000 00:00 0 
7ffc5f3dd000-7ffc5f406000 r-xp 00000000 00:71 204112648                  /usr/java/jdk1.6.0_29/jre/lib/amd64/libjava.so
7ffc5f406000-7ffc5f505000 ---p 00029000 00:71 204112648                  /usr/java/jdk1.6.0_29/jre/lib/amd64/libjava.so
7ffc5f505000-7ffc5f50c000 rwxp 00028000 00:71 204112648                  /usr/java/jdk1.6.0_29/jre/lib/amd64/libjava.so
7ffc5f50c000-7ffc5f519000 r-xp 00000000 00:71 204112668                  /usr/java/jdk1.6.0_29/jre/lib/amd64/libverify.so
7ffc5f519000-7ffc5f618000 ---p 0000d000 00:71 204112668                  /usr/java/jdk1.6.0_29/jre/lib/amd64/libverify.so
7ffc5f618000-7ffc5f61b000 rwxp 0000c000 00:71 204112668                  /usr/java/jdk1.6.0_29/jre/lib/amd64/libverify.so
7ffc5f61b000-7ffc5f622000 r-xp 00000000 00:71 195598306                  /lib64/librt-2.5.so
7ffc5f622000-7ffc5f822000 ---p 00007000 00:71 195598306                  /lib64/librt-2.5.so
7ffc5f822000-7ffc5f823000 r-xp 00007000 00:71 195598306                  /lib64/librt-2.5.so
7ffc5f823000-7ffc5f824000 rwxp 00008000 00:71 195598306                  /lib64/librt-2.5.so
7ffc5f824000-7ffc5f8a6000 r-xp 00000000 00:71 195598286                  /lib64/libm-2.5.so
7ffc5f8a6000-7ffc5faa5000 ---p 00082000 00:71 195598286                  /lib64/libm-2.5.so
7ffc5faa5000-7ffc5faa6000 r-xp 00081000 00:71 195598286                  /lib64/libm-2.5.so
7ffc5faa6000-7ffc5faa7000 rwxp 00082000 00:71 195598286                  /lib64/libm-2.5.so
7ffc5faa7000-7ffc603c1000 r-xp 00000000 00:71 204112678                  /usr/java/jdk1.6.0_29/jre/lib/amd64/server/libjvm.so
7ffc603c1000-7ffc604c3000 ---p 0091a000 00:71 204112678                  /usr/java/jdk1.6.0_29/jre/lib/amd64/server/libjvm.so
7ffc604c3000-7ffc60678000 rwxp 0091c000 00:71 204112678                  /usr/java/jdk1.6.0_29/jre/lib/amd64/server/libjvm.so
7ffc60678000-7ffc606b2000 rwxp 00000000 00:00 0 
7ffc606b2000-7ffc60800000 r-xp 00000000 00:71 195598364                  /lib64/libc-2.5.so
7ffc60800000-7ffc60a00000 ---p 0014e000 00:71 195598364                  /lib64/libc-2.5.so
7ffc60a00000-7ffc60a04000 r-xp 0014e000 00:71 195598364                  /lib64/libc-2.5.so
7ffc60a04000-7ffc60a05000 rwxp 00152000 00:71 195598364                  /lib64/libc-2.5.so
7ffc60a05000-7ffc60a0a000 rwxp 00000000 00:00 0 
7ffc60a0a000-7ffc60a0c000 r-xp 00000000 00:71 195598374                  /lib64/libdl-2.5.so
7ffc60a0c000-7ffc60c0c000 ---p 00002000 00:71 195598374                  /lib64/libdl-2.5.so
7ffc60c0c000-7ffc60c0d000 r-xp 00002000 00:71 195598374                  /lib64/libdl-2.5.so
7ffc60c0d000-7ffc60c0e000 rwxp 00003000 00:71 195598374                  /lib64/libdl-2.5.so
7ffc60c0e000-7ffc60c24000 r-xp 00000000 00:71 195598320                  /lib64/libpthread-2.5.so
7ffc60c24000-7ffc60e23000 ---p 00016000 00:71 195598320                  /lib64/libpthread-2.5.so
7ffc60e23000-7ffc60e24000 r-xp 00015000 00:71 195598320                  /lib64/libpthread-2.5.so
7ffc60e24000-7ffc60e25000 rwxp 00016000 00:71 195598320                  /lib64/libpthread-2.5.so
7ffc60e25000-7ffc60e29000 rwxp 00000000 00:00 0 
7ffc60e29000-7ffc60e45000 r-xp 00000000 00:71 195596264                  /lib64/ld-2.5.so
7ffc60e64000-7ffc60e6b000 r-xs 00000000 00:71 198224944                  /usr/lib64/gconv/gconv-modules.cache
7ffc60e6b000-7ffc60e75000 rwxp 00000000 00:00 0 
7ffc60e75000-7ffc60f2b000 rwxp 00000000 00:00 0 
7ffc60f2b000-7ffc60f2d000 rwxp 00000000 00:00 0 
7ffc60f2d000-7ffc60f34000 r-xp 00000000 00:71 204112687                  /usr/java/jdk1.6.0_29/jre/lib/amd64/jli/libjli.so
7ffc60f34000-7ffc61035000 ---p 00007000 00:71 204112687                  /usr/java/jdk1.6.0_29/jre/lib/amd64/jli/libjli.so
7ffc61035000-7ffc61037000 rwxp 00008000 00:71 204112687                  /usr/java/jdk1.6.0_29/jre/lib/amd64/jli/libjli.so
7ffc61037000-7ffc61038000 rwxp 00000000 00:00 0 
7ffc61039000-7ffc61041000 rwxs 00000000 00:71 205849992                  /tmp/hsperfdata_brox/13402
7ffc61041000-7ffc61042000 rwxp 00000000 00:00 0 
7ffc61042000-7ffc61043000 ---p 00000000 00:00 0 
7ffc61043000-7ffc61045000 rwxp 00000000 00:00 0 
7ffc61045000-7ffc61046000 r-xp 0001c000 00:71 195596264                  /lib64/ld-2.5.so
7ffc61046000-7ffc61047000 rwxp 0001d000 00:71 195596264                  /lib64/ld-2.5.so
7fff7bc25000-7fff7bc3a000 rwxp 00000000 00:00 0                          [stack]
7fff7bccd000-7fff7bccf000 r-xp 00000000 00:00 0                          [vdso]
ffffffffff600000-ffffffffff601000 r-xp 00000000 00:00 0                  [vsyscall]

VM Arguments:
jvm_args: -Dapplication.home=/usr/java/jdk1.6.0_29 -Xms8m -Xss4m -ea:com.sun.tools... 
java_command: com.sun.tools.javac.Main -cp .:pircbot.jar MyBot.java
Launcher Type: SUN_STANDARD

Environment Variables:
PATH=/usr/local/bin:/bin:/usr/bin:/home/brox/bin
LD_LIBRARY_PATH=/usr/java/jdk1.6.0_29/jre/lib/amd64/server:/usr/java/jdk1.6.0_29/jre/lib/amd64:/usr/java/jdk1.6.0_29/jre/../lib/amd64
SHELL=/bin/bash

Signal Handlers:
SIGSEGV: [libjvm.so+0x85f780], sa_mask[0]=0x7ffbfeff, sa_flags=0x10000004
SIGBUS: [libjvm.so+0x85f780], sa_mask[0]=0x7ffbfeff, sa_flags=0x10000004
SIGFPE: [libjvm.so+0x70e3b0], sa_mask[0]=0x7ffbfeff, sa_flags=0x10000004
SIGPIPE: [libjvm.so+0x70e3b0], sa_mask[0]=0x7ffbfeff, sa_flags=0x10000004
SIGXFSZ: [libjvm.so+0x70e3b0], sa_mask[0]=0x7ffbfeff, sa_flags=0x10000004
SIGILL: [libjvm.so+0x70e3b0], sa_mask[0]=0x7ffbfeff, sa_flags=0x10000004
SIGUSR1: SIG_DFL, sa_mask[0]=0x00000000, sa_flags=0x00000000
SIGUSR2: [libjvm.so+0x7111c0], sa_mask[0]=0x00000000, sa_flags=0x10000004
SIGHUP: [libjvm.so+0x710dc0], sa_mask[0]=0x7ffbfeff, sa_flags=0x10000004
SIGINT: [libjvm.so+0x710dc0], sa_mask[0]=0x7ffbfeff, sa_flags=0x10000004
SIGTERM: [libjvm.so+0x710dc0], sa_mask[0]=0x7ffbfeff, sa_flags=0x10000004
SIGQUIT: [libjvm.so+0x710dc0], sa_mask[0]=0x7ffbfeff, sa_flags=0x10000004


---------------  S Y S T E M  ---------------

OS:CentOS release 5.7 (Final)

uname:Linux 2.6.32-042stab055.16 #1 SMP Fri Jun 8 19:22:28 MSD 2012 x86_64
libc:glibc 2.5 NPTL 2.5 
rlimit: STACK 10240k, CORE 0k, NPROC 255779, NOFILE 1024, AS infinity
load average:0.35 0.09 0.03

/proc/meminfo:
MemTotal:        1048576 kB
MemFree:          705624 kB
Cached:            36304 kB
Active:           280384 kB
Inactive:          46084 kB
Active(anon):     254944 kB
Inactive(anon):    35220 kB
Active(file):      25440 kB
Inactive(file):    10864 kB
Unevictable:           0 kB
Mlocked:               0 kB
SwapTotal:             0 kB
SwapFree:              0 kB
Dirty:               112 kB
Writeback:             0 kB
AnonPages:        290164 kB
Shmem:              5244 kB
Slab:              16436 kB
SReclaimable:       1728 kB
SUnreclaim:        14708 kB


CPU:total 1 (4 cores per cpu, 1 threads per core) family 6 model 26 stepping 5, cmov, cx8, fxsr, mmx, sse, sse2, sse3, ssse3, sse4.1, sse4.2, popcnt

/proc/cpuinfo:
processor	: 0
vendor_id	: GenuineIntel
cpu family	: 6
model		: 26
model name	: Intel(R) Xeon(R) CPU           E5504  @ 2.00GHz
stepping	: 5
cpu MHz		: 1999.662
cache size	: 4096 KB
physical id	: 0
siblings	: 4
core id		: 0
cpu cores	: 4
apicid		: 0
initial apicid	: 0
fpu		: yes
fpu_exception	: yes
cpuid level	: 11
wp		: yes
flags		: fpu vme de pse tsc msr pae mce cx8 apic mtrr pge mca cmov pat pse36 clflush dts acpi mmx fxsr sse sse2 ss ht tm pbe syscall nx rdtscp lm constant_tsc arch_perfmon pebs bts rep_good xtopology nonstop_tsc aperfmperf pni dtes64 monitor ds_cpl vmx est tm2 ssse3 cx16 xtpr pdcm dca sse4_1 sse4_2 popcnt lahf_lm dts tpr_shadow vnmi flexpriority ept vpid
bogomips	: 3999.32
clflush size	: 64
cache_alignment	: 64
address sizes	: 40 bits physical, 48 bits virtual
power management:



Memory: 4k page, physical 1048576k(705628k free), swap 0k(0k free)

vm_info: Java HotSpot(TM) 64-Bit Server VM (20.4-b02) for linux-amd64 JRE (1.6.0_29-b11), built on Oct  3 2011 01:19:20 by "java_re" with gcc 3.2.2 (SuSE Linux)

time: Sat Oct 13 17:26:59 2012
elapsed time: 1 seconds

