#
# A fatal error has been detected by the Java Runtime Environment:
#
#  Internal Error (nmethod.cpp:2175), pid=13527, tid=1079032128
#  guarantee(nm->_lock_count >= 0) failed: unmatched nmethod lock/unlock
#
# JRE version: 6.0_29-b11
# Java VM: Java HotSpot(TM) 64-Bit Server VM (20.4-b02 mixed mode linux-amd64 compressed oops)
# If you would like to submit a bug report, please visit:
#   http://java.sun.com/webapps/bugreport/crash.jsp
#

---------------  T H R E A D  ---------------

Current thread (0x0000000040a81800):  JavaThread "main" [_thread_in_vm, id=13528, stack(0x000000004010b000,0x000000004050c000)]

Stack: [0x000000004010b000,0x000000004050c000],  sp=0x0000000040508f30,  free space=4087k
Native frames: (J=compiled Java code, j=interpreted, Vv=VM code, C=native code)
V  [libjvm.so+0x85eb55]  VMError::report_and_die()+0x265
V  [libjvm.so+0x3e4066]  report_vm_error(char const*, int, char const*, char const*)+0x56
V  [libjvm.so+0x6ea577]  nmethodLocker::unlock_nmethod(nmethod*)+0x57
V  [libjvm.so+0x3ecff2]  Deoptimization::uncommon_trap_inner(JavaThread*, int)+0x4a2
V  [libjvm.so+0x3edd34]  Deoptimization::uncommon_trap(JavaThread*, int)+0x14

Java frames: (J=compiled Java code, j=interpreted, Vv=VM code)
v  blob 0x00007f27f46cceb9
J  java.util.Arrays.swap([Ljava/lang/Object;II)V
j  java.util.Arrays.mergeSort([Ljava/lang/Object;[Ljava/lang/Object;III)V+59
j  java.util.Arrays.mergeSort([Ljava/lang/Object;[Ljava/lang/Object;III)V+106
j  java.util.Arrays.mergeSort([Ljava/lang/Object;[Ljava/lang/Object;III)V+117
j  java.util.Arrays.mergeSort([Ljava/lang/Object;[Ljava/lang/Object;III)V+117
j  java.util.Arrays.mergeSort([Ljava/lang/Object;[Ljava/lang/Object;III)V+106
j  java.util.Arrays.mergeSort([Ljava/lang/Object;[Ljava/lang/Object;III)V+106
j  java.util.Arrays.mergeSort([Ljava/lang/Object;[Ljava/lang/Object;III)V+117
j  java.util.Arrays.mergeSort([Ljava/lang/Object;[Ljava/lang/Object;III)V+117
j  java.util.Arrays.mergeSort([Ljava/lang/Object;[Ljava/lang/Object;III)V+117
j  java.util.Arrays.mergeSort([Ljava/lang/Object;[Ljava/lang/Object;III)V+117
j  java.util.Arrays.mergeSort([Ljava/lang/Object;[Ljava/lang/Object;III)V+106
j  java.util.Arrays.mergeSort([Ljava/lang/Object;[Ljava/lang/Object;III)V+117
j  java.util.Arrays.mergeSort([Ljava/lang/Object;[Ljava/lang/Object;III)V+117
j  java.util.Arrays.sort([Ljava/lang/Object;)V+17
j  com.sun.tools.javac.zip.ZipFileIndex$ZipDirectory.buildIndex()V+172
j  com.sun.tools.javac.zip.ZipFileIndex$ZipDirectory.access$000(Lcom/sun/tools/javac/zip/ZipFileIndex$ZipDirectory;)V+1
j  com.sun.tools.javac.zip.ZipFileIndex.checkIndex()V+99
j  com.sun.tools.javac.zip.ZipFileIndex.<init>(Ljava/io/File;IZZLjava/lang/String;)V+112
j  com.sun.tools.javac.zip.ZipFileIndex.getZipFileIndex(Ljava/io/File;IZLjava/lang/String;Z)Lcom/sun/tools/javac/zip/ZipFileIndex;+48
j  com.sun.tools.javac.util.DefaultFileManager.openArchive(Ljava/io/File;)Lcom/sun/tools/javac/util/DefaultFileManager$Archive;+460
j  com.sun.tools.javac.util.DefaultFileManager.listDirectory(Ljava/io/File;Ljava/lang/String;Ljava/util/Set;ZLcom/sun/tools/javac/util/ListBuffer;)V+34
j  com.sun.tools.javac.util.DefaultFileManager.list(Ljavax/tools/JavaFileManager$Location;Ljava/lang/String;Ljava/util/Set;Z)Ljava/lang/Iterable;+82
j  com.sun.tools.javac.jvm.ClassReader.fillIn(Lcom/sun/tools/javac/code/Symbol$PackageSymbol;)V+52
j  com.sun.tools.javac.jvm.ClassReader.complete(Lcom/sun/tools/javac/code/Symbol;)V+94
j  com.sun.tools.javac.code.Symbol.complete()V+19
j  com.sun.tools.javac.comp.Enter.visitTopLevel(Lcom/sun/tools/javac/tree/JCTree$JCCompilationUnit;)V+119
j  com.sun.tools.javac.tree.JCTree$JCCompilationUnit.accept(Lcom/sun/tools/javac/tree/JCTree$Visitor;)V+2
j  com.sun.tools.javac.comp.Enter.classEnter(Lcom/sun/tools/javac/tree/JCTree;Lcom/sun/tools/javac/comp/Env;)Lcom/sun/tools/javac/code/Type;+12
j  com.sun.tools.javac.comp.Enter.classEnter(Lcom/sun/tools/javac/util/List;Lcom/sun/tools/javac/comp/Env;)Lcom/sun/tools/javac/util/List;+30
j  com.sun.tools.javac.comp.Enter.complete(Lcom/sun/tools/javac/util/List;Lcom/sun/tools/javac/code/Symbol$ClassSymbol;)V+36
j  com.sun.tools.javac.comp.Enter.main(Lcom/sun/tools/javac/util/List;)V+3
j  com.sun.tools.javac.main.JavaCompiler.enterTrees(Lcom/sun/tools/javac/util/List;)Lcom/sun/tools/javac/util/List;+63
j  com.sun.tools.javac.main.JavaCompiler.compile(Lcom/sun/tools/javac/util/List;Lcom/sun/tools/javac/util/List;Ljava/lang/Iterable;)V+69
j  com.sun.tools.javac.main.Main.compile([Ljava/lang/String;Lcom/sun/tools/javac/util/Context;Lcom/sun/tools/javac/util/List;Ljava/lang/Iterable;)I+573
j  com.sun.tools.javac.main.Main.compile([Ljava/lang/String;Lcom/sun/tools/javac/util/Context;)I+7
j  com.sun.tools.javac.main.Main.compile([Ljava/lang/String;)I+15
j  com.sun.tools.javac.Main.compile([Ljava/lang/String;)I+12
j  com.sun.tools.javac.Main.main([Ljava/lang/String;)V+97
v  ~StubRoutines::call_stub

---------------  P R O C E S S  ---------------

Java Threads: ( => current thread )
  0x00007f27f4249000 JavaThread "Low Memory Detector" daemon [_thread_blocked, id=13535, stack(0x0000000040eff000,0x0000000041300000)]
  0x00007f27f4245000 JavaThread "C2 CompilerThread1" daemon [_thread_in_native, id=13534, stack(0x000000004050c000,0x000000004060d000)]
  0x00007f27f4243000 JavaThread "C2 CompilerThread0" daemon [_thread_blocked, id=13533, stack(0x000000004195e000,0x0000000041a5f000)]
  0x00007f27f4241800 JavaThread "Signal Dispatcher" daemon [_thread_blocked, id=13532, stack(0x0000000041b7a000,0x0000000041f7b000)]
  0x0000000040ae4800 JavaThread "Finalizer" daemon [_thread_blocked, id=13531, stack(0x00000000414db000,0x00000000418dc000)]
  0x0000000040add800 JavaThread "Reference Handler" daemon [_thread_blocked, id=13530, stack(0x0000000040afe000,0x0000000040eff000)]
=>0x0000000040a81800 JavaThread "main" [_thread_in_vm, id=13528, stack(0x000000004010b000,0x000000004050c000)]

Other Threads:
  0x0000000040ad6800 VMThread [stack: 0x0000000041a79000,0x0000000041b7a000] [id=13529]
  0x00007f27f425c000 WatcherThread [stack: 0x000000004060d000,0x000000004070e000] [id=13536]

VM state:not at safepoint (normal execution)

VM Mutex/Monitor currently owned by a thread: None

Heap
 def new generation   total 2432K, used 1211K [0x00000000eae00000, 0x00000000eb0a0000, 0x00000000f0350000)
  eden space 2176K,  43% used [0x00000000eae00000, 0x00000000eaeeee10, 0x00000000eb020000)
  from space 256K,  99% used [0x00000000eb060000, 0x00000000eb09fff0, 0x00000000eb0a0000)
  to   space 256K,   0% used [0x00000000eb020000, 0x00000000eb020000, 0x00000000eb060000)
 tenured generation   total 5504K, used 3853K [0x00000000f0350000, 0x00000000f08b0000, 0x00000000fae00000)
   the space 5504K,  70% used [0x00000000f0350000, 0x00000000f0713530, 0x00000000f0713600, 0x00000000f08b0000)
 compacting perm gen  total 21248K, used 6719K [0x00000000fae00000, 0x00000000fc2c0000, 0x0000000100000000)
   the space 21248K,  31% used [0x00000000fae00000, 0x00000000fb48ff38, 0x00000000fb490000, 0x00000000fc2c0000)
No shared spaces configured.

Code Cache  [0x00007f27f4696000, 0x00007f27f4906000, 0x00007f27f7696000)
 total_blobs=274 nmethods=64 adapters=165 free_code_cache=49824192 largest_free_block=16448

Dynamic libraries:
40000000-4000a000 r-xp 00000000 00:71 204112007                          /usr/java/jdk1.6.0_29/bin/javac
40109000-4010b000 rwxp 00009000 00:71 204112007                          /usr/java/jdk1.6.0_29/bin/javac
4010b000-4010e000 ---p 00000000 00:00 0 
4010e000-4050c000 rwxp 00000000 00:00 0 
4050c000-4050f000 ---p 00000000 00:00 0 
4050f000-4060d000 rwxp 00000000 00:00 0 
4060d000-4060e000 ---p 00000000 00:00 0 
4060e000-4070e000 rwxp 00000000 00:00 0 
40a7a000-40afe000 rwxp 00000000 00:00 0                                  [heap]
40afe000-40b01000 ---p 00000000 00:00 0 
40b01000-40eff000 rwxp 00000000 00:00 0 
40eff000-40f02000 ---p 00000000 00:00 0 
40f02000-41300000 rwxp 00000000 00:00 0 
414db000-414de000 ---p 00000000 00:00 0 
414de000-418dc000 rwxp 00000000 00:00 0 
4195e000-41961000 ---p 00000000 00:00 0 
41961000-41a5f000 rwxp 00000000 00:00 0 
41a79000-41a7a000 ---p 00000000 00:00 0 
41a7a000-41b7a000 rwxp 00000000 00:00 0 
41b7a000-41b7d000 ---p 00000000 00:00 0 
41b7d000-41f7b000 rwxp 00000000 00:00 0 
eae00000-eb0a0000 rwxp 00000000 00:00 0 
eb0a0000-f0350000 rwxp 00000000 00:00 0 
f0350000-f08b0000 rwxp 00000000 00:00 0 
f08b0000-fae00000 rwxp 00000000 00:00 0 
fae00000-fc2c0000 rwxp 00000000 00:00 0 
fc2c0000-100000000 rwxp 00000000 00:00 0 
7f27efdb6000-7f27f0000000 rwxp 00000000 00:00 0 
7f27f0000000-7f27f0678000 rwxp 00000000 00:00 0 
7f27f0678000-7f27f4000000 ---p 00000000 00:00 0 
7f27f40dd000-7f27f41dd000 rwxp 00000000 00:00 0 
7f27f41dd000-7f27f423d000 r-xs 00bab000 00:71 199236034                  /usr/java/jdk1.6.0_29/lib/tools.jar
7f27f423d000-7f27f433d000 rwxp 00000000 00:00 0 
7f27f433d000-7f27f4378000 r-xp 00000000 00:71 198223250                  /usr/lib/locale/en_US.utf8/LC_CTYPE
7f27f4378000-7f27f43ac000 rwxp 00000000 00:00 0 
7f27f43ac000-7f27f4544000 r-xs 0302d000 00:71 204115585                  /usr/java/jdk1.6.0_29/jre/lib/rt.jar
7f27f4544000-7f27f4577000 rwxp 00000000 00:00 0 
7f27f4577000-7f27f4596000 rwxp 00000000 00:00 0 
7f27f4596000-7f27f4599000 rwxp 00000000 00:00 0 
7f27f4599000-7f27f45ec000 rwxp 00000000 00:00 0 
7f27f45ec000-7f27f45ee000 rwxp 00000000 00:00 0 
7f27f45ee000-7f27f4616000 rwxp 00000000 00:00 0 
7f27f4616000-7f27f461a000 rwxp 00000000 00:00 0 
7f27f461a000-7f27f466c000 rwxp 00000000 00:00 0 
7f27f466c000-7f27f4677000 rwxp 00000000 00:00 0 
7f27f4677000-7f27f4695000 rwxp 00000000 00:00 0 
7f27f4695000-7f27f4906000 rwxp 00000000 00:00 0 
7f27f4906000-7f27f7696000 rwxp 00000000 00:00 0 
7f27f7696000-7f27f76a4000 r-xp 00000000 00:71 204112651                  /usr/java/jdk1.6.0_29/jre/lib/amd64/libzip.so
7f27f76a4000-7f27f77a6000 ---p 0000e000 00:71 204112651                  /usr/java/jdk1.6.0_29/jre/lib/amd64/libzip.so
7f27f77a6000-7f27f77a9000 rwxp 00010000 00:71 204112651                  /usr/java/jdk1.6.0_29/jre/lib/amd64/libzip.so
7f27f77a9000-7f27f77aa000 rwxp 00000000 00:00 0 
7f27f77aa000-7f27f77b4000 r-xp 00000000 00:71 195598333                  /lib64/libnss_files-2.5.so
7f27f77b4000-7f27f79b3000 ---p 0000a000 00:71 195598333                  /lib64/libnss_files-2.5.so
7f27f79b3000-7f27f79b4000 r-xp 00009000 00:71 195598333                  /lib64/libnss_files-2.5.so
7f27f79b4000-7f27f79b5000 rwxp 0000a000 00:71 195598333                  /lib64/libnss_files-2.5.so
7f27f79b5000-7f27f79ca000 r-xp 00000000 00:71 195598293                  /lib64/libnsl-2.5.so
7f27f79ca000-7f27f7bc9000 ---p 00015000 00:71 195598293                  /lib64/libnsl-2.5.so
7f27f7bc9000-7f27f7bca000 r-xp 00014000 00:71 195598293                  /lib64/libnsl-2.5.so
7f27f7bca000-7f27f7bcb000 rwxp 00015000 00:71 195598293                  /lib64/libnsl-2.5.so
7f27f7bcb000-7f27f7bcd000 rwxp 00000000 00:00 0 
7f27f7bcd000-7f27f7bf6000 r-xp 00000000 00:71 204112648                  /usr/java/jdk1.6.0_29/jre/lib/amd64/libjava.so
7f27f7bf6000-7f27f7cf5000 ---p 00029000 00:71 204112648                  /usr/java/jdk1.6.0_29/jre/lib/amd64/libjava.so
7f27f7cf5000-7f27f7cfc000 rwxp 00028000 00:71 204112648                  /usr/java/jdk1.6.0_29/jre/lib/amd64/libjava.so
7f27f7cfc000-7f27f7d09000 r-xp 00000000 00:71 204112668                  /usr/java/jdk1.6.0_29/jre/lib/amd64/libverify.so
7f27f7d09000-7f27f7e08000 ---p 0000d000 00:71 204112668                  /usr/java/jdk1.6.0_29/jre/lib/amd64/libverify.so
7f27f7e08000-7f27f7e0b000 rwxp 0000c000 00:71 204112668                  /usr/java/jdk1.6.0_29/jre/lib/amd64/libverify.so
7f27f7e0b000-7f27f7e12000 r-xp 00000000 00:71 195598306                  /lib64/librt-2.5.so
7f27f7e12000-7f27f8012000 ---p 00007000 00:71 195598306                  /lib64/librt-2.5.so
7f27f8012000-7f27f8013000 r-xp 00007000 00:71 195598306                  /lib64/librt-2.5.so
7f27f8013000-7f27f8014000 rwxp 00008000 00:71 195598306                  /lib64/librt-2.5.so
7f27f8014000-7f27f8096000 r-xp 00000000 00:71 195598286                  /lib64/libm-2.5.so
7f27f8096000-7f27f8295000 ---p 00082000 00:71 195598286                  /lib64/libm-2.5.so
7f27f8295000-7f27f8296000 r-xp 00081000 00:71 195598286                  /lib64/libm-2.5.so
7f27f8296000-7f27f8297000 rwxp 00082000 00:71 195598286                  /lib64/libm-2.5.so
7f27f8297000-7f27f8bb1000 r-xp 00000000 00:71 204112678                  /usr/java/jdk1.6.0_29/jre/lib/amd64/server/libjvm.so
7f27f8bb1000-7f27f8cb3000 ---p 0091a000 00:71 204112678                  /usr/java/jdk1.6.0_29/jre/lib/amd64/server/libjvm.so
7f27f8cb3000-7f27f8e68000 rwxp 0091c000 00:71 204112678                  /usr/java/jdk1.6.0_29/jre/lib/amd64/server/libjvm.so
7f27f8e68000-7f27f8ea2000 rwxp 00000000 00:00 0 
7f27f8ea2000-7f27f8ff0000 r-xp 00000000 00:71 195598364                  /lib64/libc-2.5.so
7f27f8ff0000-7f27f91f0000 ---p 0014e000 00:71 195598364                  /lib64/libc-2.5.so
7f27f91f0000-7f27f91f4000 r-xp 0014e000 00:71 195598364                  /lib64/libc-2.5.so
7f27f91f4000-7f27f91f5000 rwxp 00152000 00:71 195598364                  /lib64/libc-2.5.so
7f27f91f5000-7f27f91fa000 rwxp 00000000 00:00 0 
7f27f91fa000-7f27f91fc000 r-xp 00000000 00:71 195598374                  /lib64/libdl-2.5.so
7f27f91fc000-7f27f93fc000 ---p 00002000 00:71 195598374                  /lib64/libdl-2.5.so
7f27f93fc000-7f27f93fd000 r-xp 00002000 00:71 195598374                  /lib64/libdl-2.5.so
7f27f93fd000-7f27f93fe000 rwxp 00003000 00:71 195598374                  /lib64/libdl-2.5.so
7f27f93fe000-7f27f9414000 r-xp 00000000 00:71 195598320                  /lib64/libpthread-2.5.so
7f27f9414000-7f27f9613000 ---p 00016000 00:71 195598320                  /lib64/libpthread-2.5.so
7f27f9613000-7f27f9614000 r-xp 00015000 00:71 195598320                  /lib64/libpthread-2.5.so
7f27f9614000-7f27f9615000 rwxp 00016000 00:71 195598320                  /lib64/libpthread-2.5.so
7f27f9615000-7f27f9619000 rwxp 00000000 00:00 0 
7f27f9619000-7f27f9635000 r-xp 00000000 00:71 195596264                  /lib64/ld-2.5.so
7f27f9654000-7f27f965b000 r-xs 00000000 00:71 198224944                  /usr/lib64/gconv/gconv-modules.cache
7f27f965b000-7f27f9665000 rwxp 00000000 00:00 0 
7f27f9665000-7f27f971b000 rwxp 00000000 00:00 0 
7f27f971b000-7f27f971d000 rwxp 00000000 00:00 0 
7f27f971d000-7f27f9724000 r-xp 00000000 00:71 204112687                  /usr/java/jdk1.6.0_29/jre/lib/amd64/jli/libjli.so
7f27f9724000-7f27f9825000 ---p 00007000 00:71 204112687                  /usr/java/jdk1.6.0_29/jre/lib/amd64/jli/libjli.so
7f27f9825000-7f27f9827000 rwxp 00008000 00:71 204112687                  /usr/java/jdk1.6.0_29/jre/lib/amd64/jli/libjli.so
7f27f9827000-7f27f9828000 rwxp 00000000 00:00 0 
7f27f9829000-7f27f9831000 rwxs 00000000 00:71 205850238                  /tmp/hsperfdata_brox/13527
7f27f9831000-7f27f9832000 rwxp 00000000 00:00 0 
7f27f9832000-7f27f9833000 r-xp 00000000 00:00 0 
7f27f9833000-7f27f9835000 rwxp 00000000 00:00 0 
7f27f9835000-7f27f9836000 r-xp 0001c000 00:71 195596264                  /lib64/ld-2.5.so
7f27f9836000-7f27f9837000 rwxp 0001d000 00:71 195596264                  /lib64/ld-2.5.so
7fff46201000-7fff46216000 rwxp 00000000 00:00 0                          [stack]
7fff4621c000-7fff4621e000 r-xp 00000000 00:00 0                          [vdso]
ffffffffff600000-ffffffffff601000 r-xp 00000000 00:00 0                  [vsyscall]

VM Arguments:
jvm_args: -Dapplication.home=/usr/java/jdk1.6.0_29 -Xms8m -Xss4m -ea:com.sun.tools... 
java_command: com.sun.tools.javac.Main -cp .:pircbot.jar MyBot.java
Launcher Type: SUN_STANDARD

Environment Variables:
PATH=/usr/local/bin:/bin:/usr/bin:/home/brox/bin
LD_LIBRARY_PATH=/usr/java/jdk1.6.0_29/jre/lib/amd64/server:/usr/java/jdk1.6.0_29/jre/lib/amd64:/usr/java/jdk1.6.0_29/jre/../lib/amd64
SHELL=/bin/bash

Signal Handlers:
SIGSEGV: [libjvm.so+0x85f780], sa_mask[0]=0x7ffbfeff, sa_flags=0x10000004
SIGBUS: [libjvm.so+0x85f780], sa_mask[0]=0x7ffbfeff, sa_flags=0x10000004
SIGFPE: [libjvm.so+0x70e3b0], sa_mask[0]=0x7ffbfeff, sa_flags=0x10000004
SIGPIPE: [libjvm.so+0x70e3b0], sa_mask[0]=0x7ffbfeff, sa_flags=0x10000004
SIGXFSZ: [libjvm.so+0x70e3b0], sa_mask[0]=0x7ffbfeff, sa_flags=0x10000004
SIGILL: [libjvm.so+0x70e3b0], sa_mask[0]=0x7ffbfeff, sa_flags=0x10000004
SIGUSR1: SIG_DFL, sa_mask[0]=0x00000000, sa_flags=0x00000000
SIGUSR2: [libjvm.so+0x7111c0], sa_mask[0]=0x00000000, sa_flags=0x10000004
SIGHUP: [libjvm.so+0x710dc0], sa_mask[0]=0x7ffbfeff, sa_flags=0x10000004
SIGINT: [libjvm.so+0x710dc0], sa_mask[0]=0x7ffbfeff, sa_flags=0x10000004
SIGTERM: [libjvm.so+0x710dc0], sa_mask[0]=0x7ffbfeff, sa_flags=0x10000004
SIGQUIT: [libjvm.so+0x710dc0], sa_mask[0]=0x7ffbfeff, sa_flags=0x10000004


---------------  S Y S T E M  ---------------

OS:CentOS release 5.7 (Final)

uname:Linux 2.6.32-042stab055.16 #1 SMP Fri Jun 8 19:22:28 MSD 2012 x86_64
libc:glibc 2.5 NPTL 2.5 
rlimit: STACK 10240k, CORE 0k, NPROC 255779, NOFILE 1024, AS infinity
load average:0.00 0.01 0.00

/proc/meminfo:
MemTotal:        1048576 kB
MemFree:          695212 kB
Cached:            37404 kB
Active:           291780 kB
Inactive:          44568 kB
Active(anon):     263756 kB
Inactive(anon):    35188 kB
Active(file):      28024 kB
Inactive(file):     9380 kB
Unevictable:           0 kB
Mlocked:               0 kB
SwapTotal:             0 kB
SwapFree:              0 kB
Dirty:               124 kB
Writeback:             0 kB
AnonPages:        298944 kB
Shmem:              5244 kB
Slab:              16916 kB
SReclaimable:       1740 kB
SUnreclaim:        15176 kB


CPU:total 1 (4 cores per cpu, 1 threads per core) family 6 model 26 stepping 5, cmov, cx8, fxsr, mmx, sse, sse2, sse3, ssse3, sse4.1, sse4.2, popcnt

/proc/cpuinfo:
processor	: 0
vendor_id	: GenuineIntel
cpu family	: 6
model		: 26
model name	: Intel(R) Xeon(R) CPU           E5504  @ 2.00GHz
stepping	: 5
cpu MHz		: 1999.662
cache size	: 4096 KB
physical id	: 0
siblings	: 4
core id		: 0
cpu cores	: 4
apicid		: 0
initial apicid	: 0
fpu		: yes
fpu_exception	: yes
cpuid level	: 11
wp		: yes
flags		: fpu vme de pse tsc msr pae mce cx8 apic mtrr pge mca cmov pat pse36 clflush dts acpi mmx fxsr sse sse2 ss ht tm pbe syscall nx rdtscp lm constant_tsc arch_perfmon pebs bts rep_good xtopology nonstop_tsc aperfmperf pni dtes64 monitor ds_cpl vmx est tm2 ssse3 cx16 xtpr pdcm dca sse4_1 sse4_2 popcnt lahf_lm dts tpr_shadow vnmi flexpriority ept vpid
bogomips	: 3999.32
clflush size	: 64
cache_alignment	: 64
address sizes	: 40 bits physical, 48 bits virtual
power management:



Memory: 4k page, physical 1048576k(695220k free), swap 0k(0k free)

vm_info: Java HotSpot(TM) 64-Bit Server VM (20.4-b02) for linux-amd64 JRE (1.6.0_29-b11), built on Oct  3 2011 01:19:20 by "java_re" with gcc 3.2.2 (SuSE Linux)

time: Sat Oct 13 17:38:52 2012
elapsed time: 0 seconds

